<?xml version="1.0" encoding="UTF-8"?>
<testsuite xmlns:xsi="http://www.w3.org/2001/XMLSchema-instance" xsi:noNamespaceSchemaLocation="https://maven.apache.org/surefire/maven-surefire-plugin/xsd/surefire-test-report.xsd" version="3.0.2" name="io.meshspy.meshspy_server.LocalMeshSpyServerApplicationTests" time="1.76" tests="1" errors="0" skipped="0" failures="0">
  <properties>
[...]
</properties>
  <testcase name="contextLoads" classname="io.meshspy.meshspy_server.LocalMeshSpyServerApplicationTests" time="0.604">
    <system-out><![CDATA[12:06:27.962 [main] INFO org.springframework.test.context.support.AnnotationConfigContextLoaderUtils -- Could not detect default configuration classes for test class [io.meshspy.meshspy_server.LocalMeshSpyServerApplicationTests]: LocalMeshSpyServerApplicationTests does not declare any static, non-private, non-final, nested classes annotated with @Configuration.
12:06:28.088 [main] INFO org.springframework.boot.test.context.SpringBootTestContextBootstrapper -- Found @SpringBootConfiguration io.meshspy.meshspy_server.LocalMeshSpyServerApplication for test class io.meshspy.meshspy_server.LocalMeshSpyServerApplicationTests

  .   ____          _            __ _ _
 /\\ / ___'_ __ _ _(_)_ __  __ _ \ \ \ \
( ( )\___ | '_ | '_| | '_ \/ _` | \ \ \ \
 \\/  ___)| |_)| | | | | || (_| |  ) ) ) )
  '  |____| .__|_| |_|_| |_\__, | / / / /
 =========|_|==============|___/=/_/_/_/

 :: Spring Boot ::                (v3.5.0)

2025-05-23T12:06:28.525+02:00  INFO 90386 --- [LocalMeshSpy-Server] [           main] i.m.m.LocalMeshSpyServerApplicationTests : Starting LocalMeshSpyServerApplicationTests using Java 24.0.1 with PID 90386 (started by sdamico in /home/sdamico/nicco/MeshSpy-Server/local)
2025-05-23T12:06:28.528+02:00  INFO 90386 --- [LocalMeshSpy-Server] [           main] i.m.m.LocalMeshSpyServerApplicationTests : No active profile set, falling back to 1 default profile: "default"
2025-05-23T12:06:28.969+02:00  INFO 90386 --- [LocalMeshSpy-Server] [           main] i.m.m.LocalMeshSpyServerApplicationTests : Started LocalMeshSpyServerApplicationTests in 0.734 seconds (process running for 1.598)
]]></system-out>
    <system-err><![CDATA[Mockito is currently self-attaching to enable the inline-mock-maker. This will no longer work in future releases of the JDK. Please add Mockito as an agent to your build as described in Mockito's documentation: https://javadoc.io/doc/org.mockito/mockito-core/latest/org.mockito/org/mockito/Mockito.html#0.3
WARNING: A Java agent has been loaded dynamically (/home/sdamico/.m2/repository/net/bytebuddy/byte-buddy-agent/1.17.5/byte-buddy-agent-1.17.5.jar)
WARNING: If a serviceability tool is in use, please run with -XX:+EnableDynamicAgentLoading to hide this warning
WARNING: If a serviceability tool is not in use, please run with -Djdk.instrument.traceUsage for more information
WARNING: Dynamic loading of agents will be disallowed by default in a future release
]]></system-err>
  </testcase>
</testsuite>